<html>
<head>
<title>TestNG:  Surefire test</title>
<link href="../testng.css" rel="stylesheet" type="text/css" />
<link href="../my-testng.css" rel="stylesheet" type="text/css" />

<style type="text/css">
.log { display: none;} 
.stack-trace { display: none;} 
</style>
<script type="text/javascript">
<!--
function flip(e) {
  current = e.style.display;
  if (current == 'block') {
    e.style.display = 'none';
    return 0;
  }
  else {
    e.style.display = 'block';
    return 1;
  }
}

function toggleBox(szDivId, elem, msg1, msg2)
{
  var res = -1;  if (document.getElementById) {
    res = flip(document.getElementById(szDivId));
  }
  else if (document.all) {
    // this is the way old msie versions work
    res = flip(document.all[szDivId]);
  }
  if(elem) {
    if(res == 0) elem.innerHTML = msg1; else elem.innerHTML = msg2;
  }

}

function toggleAllBoxes() {
  if (document.getElementsByTagName) {
    d = document.getElementsByTagName('div');
    for (i = 0; i < d.length; i++) {
      if (d[i].className == 'log') {
        flip(d[i]);
      }
    }
  }
}

// -->
</script>

</head>
<body>
<h2 align='center'>Surefire test</h2><table border='1' align="center">
<tr>
<td>Tests passed/Failed/Skipped:</td><td>10/3/0</td>
</tr><tr>
<td>Started on:</td><td>Wed Feb 19 15:32:20 EET 2025</td>
</tr>
<tr><td>Total time:</td><td>28 seconds (28132 ms)</td>
</tr><tr>
<td>Included groups:</td><td></td>
</tr><tr>
<td>Excluded groups:</td><td></td>
</tr>
</table><p/>
<small><i>(Hover the method name to see the test class name)</i></small><p/>
<table width='100%' border='1' class='invocation-failed'>
<tr><td colspan='4' align='center'><b>FAILED TESTS</b></td></tr>
<tr><td><b>Test method</b></td>
<td><b>Attribute(s)</b></td>
<td width="30%"><b>Exception</b></td>
<td width="10%"><b>Time (seconds)</b></td>
<td><b>Instance</b></td>
</tr>
<tr>
<td title='tests.ErrorValidationTest.takeScreenShotOfFailedTest()'><b>takeScreenShotOfFailedTest</b><br>Test class: tests.ErrorValidationTest</td>
<td><div><pre>java.lang.AssertionError: Intentionally failing this test to showcase screenshot feature.
	at tests.ErrorValidationTest.takeScreenShotOfFailedTest(ErrorValidationTest.java:64)
	at java.base/java.util.ArrayList.forEach(ArrayList.java:1596)
... Removed 31 stack frames</pre></div><a href='#' onClick='toggleBox("stack-trace2013853240", this, "Click to show all stack frames", "Click to hide stack frames")'>Click to show all stack frames</a>
<div class='stack-trace' id='stack-trace2013853240'><pre>java.lang.AssertionError: Intentionally failing this test to showcase screenshot feature.
	at org.testng.Assert.fail(Assert.java:111)
	at tests.ErrorValidationTest.takeScreenShotOfFailedTest(ErrorValidationTest.java:64)
	at java.base/jdk.internal.reflect.DirectMethodHandleAccessor.invoke(DirectMethodHandleAccessor.java:103)
	at java.base/java.lang.reflect.Method.invoke(Method.java:580)
	at org.testng.internal.invokers.MethodInvocationHelper.invokeMethod(MethodInvocationHelper.java:141)
	at org.testng.internal.invokers.TestInvoker.invokeMethod(TestInvoker.java:686)
	at org.testng.internal.invokers.TestInvoker.invokeTestMethod(TestInvoker.java:230)
	at org.testng.internal.invokers.MethodRunner.runInSequence(MethodRunner.java:63)
	at org.testng.internal.invokers.TestInvoker$MethodInvocationAgent.invoke(TestInvoker.java:992)
	at org.testng.internal.invokers.TestInvoker.invokeTestMethods(TestInvoker.java:203)
	at org.testng.internal.invokers.TestMethodWorker.invokeTestMethods(TestMethodWorker.java:154)
	at org.testng.internal.invokers.TestMethodWorker.run(TestMethodWorker.java:134)
	at java.base/java.util.ArrayList.forEach(ArrayList.java:1596)
	at org.testng.TestRunner.privateRun(TestRunner.java:739)
	at org.testng.TestRunner.run(TestRunner.java:614)
	at org.testng.SuiteRunner.runTest(SuiteRunner.java:421)
	at org.testng.SuiteRunner.runSequentially(SuiteRunner.java:413)
	at org.testng.SuiteRunner.privateRun(SuiteRunner.java:373)
	at org.testng.SuiteRunner.run(SuiteRunner.java:312)
	at org.testng.SuiteRunnerWorker.runSuite(SuiteRunnerWorker.java:52)
	at org.testng.SuiteRunnerWorker.run(SuiteRunnerWorker.java:95)
	at org.testng.TestNG.runSuitesSequentially(TestNG.java:1274)
	at org.testng.TestNG.runSuitesLocally(TestNG.java:1208)
	at org.testng.TestNG.runSuites(TestNG.java:1112)
	at org.testng.TestNG.run(TestNG.java:1079)
	at org.apache.maven.surefire.testng.TestNGExecutor.run(TestNGExecutor.java:155)
	at org.apache.maven.surefire.testng.TestNGDirectoryTestSuite.executeMulti(TestNGDirectoryTestSuite.java:169)
	at org.apache.maven.surefire.testng.TestNGDirectoryTestSuite.execute(TestNGDirectoryTestSuite.java:88)
	at org.apache.maven.surefire.testng.TestNGProvider.invoke(TestNGProvider.java:137)
	at org.apache.maven.surefire.booter.ForkedBooter.runSuitesInProcess(ForkedBooter.java:385)
	at org.apache.maven.surefire.booter.ForkedBooter.execute(ForkedBooter.java:162)
	at org.apache.maven.surefire.booter.ForkedBooter.run(ForkedBooter.java:507)
	at org.apache.maven.surefire.booter.ForkedBooter.main(ForkedBooter.java:495)
</pre></div></td>
<td>0</td>
<td>tests.ErrorValidationTest@31368b99</td></tr>
<tr>
<td title='tests.ErrorValidationTest.loginLockedUser()'><b>loginLockedUser</b><br>Test class: tests.ErrorValidationTest</td>
<td><div><pre>org.testng.TestNGException: 
Parameter &apos;lockedEmail&apos; is required by @Test on method loginLockedUser but has not been marked @Optional or defined

	at java.base/java.util.ArrayList.forEach(ArrayList.java:1596)
... Removed 31 stack frames</pre></div><a href='#' onClick='toggleBox("stack-trace390034407", this, "Click to show all stack frames", "Click to hide stack frames")'>Click to show all stack frames</a>
<div class='stack-trace' id='stack-trace390034407'><pre>org.testng.TestNGException: 
Parameter &apos;lockedEmail&apos; is required by @Test on method loginLockedUser but has not been marked @Optional or defined

	at org.testng.internal.Parameters.createParams(Parameters.java:264)
	at org.testng.internal.Parameters.createParametersForMethod(Parameters.java:352)
	at org.testng.internal.Parameters.createParameters(Parameters.java:690)
	at org.testng.internal.Parameters.handleParameters(Parameters.java:885)
	at org.testng.internal.Parameters.handleParameters(Parameters.java:734)
	at org.testng.internal.invokers.ParameterHandler.handleParameters(ParameterHandler.java:72)
	at org.testng.internal.invokers.ParameterHandler.createParameters(ParameterHandler.java:51)
	at org.testng.internal.invokers.TestInvoker$MethodInvocationAgent.invoke(TestInvoker.java:946)
	at org.testng.internal.invokers.TestInvoker.invokeTestMethods(TestInvoker.java:203)
	at org.testng.internal.invokers.TestMethodWorker.invokeTestMethods(TestMethodWorker.java:154)
	at org.testng.internal.invokers.TestMethodWorker.run(TestMethodWorker.java:134)
	at java.base/java.util.ArrayList.forEach(ArrayList.java:1596)
	at org.testng.TestRunner.privateRun(TestRunner.java:739)
	at org.testng.TestRunner.run(TestRunner.java:614)
	at org.testng.SuiteRunner.runTest(SuiteRunner.java:421)
	at org.testng.SuiteRunner.runSequentially(SuiteRunner.java:413)
	at org.testng.SuiteRunner.privateRun(SuiteRunner.java:373)
	at org.testng.SuiteRunner.run(SuiteRunner.java:312)
	at org.testng.SuiteRunnerWorker.runSuite(SuiteRunnerWorker.java:52)
	at org.testng.SuiteRunnerWorker.run(SuiteRunnerWorker.java:95)
	at org.testng.TestNG.runSuitesSequentially(TestNG.java:1274)
	at org.testng.TestNG.runSuitesLocally(TestNG.java:1208)
	at org.testng.TestNG.runSuites(TestNG.java:1112)
	at org.testng.TestNG.run(TestNG.java:1079)
	at org.apache.maven.surefire.testng.TestNGExecutor.run(TestNGExecutor.java:155)
	at org.apache.maven.surefire.testng.TestNGDirectoryTestSuite.executeMulti(TestNGDirectoryTestSuite.java:169)
	at org.apache.maven.surefire.testng.TestNGDirectoryTestSuite.execute(TestNGDirectoryTestSuite.java:88)
	at org.apache.maven.surefire.testng.TestNGProvider.invoke(TestNGProvider.java:137)
	at org.apache.maven.surefire.booter.ForkedBooter.runSuitesInProcess(ForkedBooter.java:385)
	at org.apache.maven.surefire.booter.ForkedBooter.execute(ForkedBooter.java:162)
	at org.apache.maven.surefire.booter.ForkedBooter.run(ForkedBooter.java:507)
	at org.apache.maven.surefire.booter.ForkedBooter.main(ForkedBooter.java:495)
</pre></div></td>
<td>0</td>
<td>tests.ErrorValidationTest@31368b99</td></tr>
<tr>
<td title='tests.ErrorValidationTest.loginWrongCredentials()'><b>loginWrongCredentials</b><br>Test class: tests.ErrorValidationTest</td>
<td><div><pre>org.testng.TestNGException: 
Parameter &apos;fooEmail&apos; is required by @Test on method loginWrongCredentials but has not been marked @Optional or defined

	at java.base/java.util.ArrayList.forEach(ArrayList.java:1596)
... Removed 31 stack frames</pre></div><a href='#' onClick='toggleBox("stack-trace745966298", this, "Click to show all stack frames", "Click to hide stack frames")'>Click to show all stack frames</a>
<div class='stack-trace' id='stack-trace745966298'><pre>org.testng.TestNGException: 
Parameter &apos;fooEmail&apos; is required by @Test on method loginWrongCredentials but has not been marked @Optional or defined

	at org.testng.internal.Parameters.createParams(Parameters.java:264)
	at org.testng.internal.Parameters.createParametersForMethod(Parameters.java:352)
	at org.testng.internal.Parameters.createParameters(Parameters.java:690)
	at org.testng.internal.Parameters.handleParameters(Parameters.java:885)
	at org.testng.internal.Parameters.handleParameters(Parameters.java:734)
	at org.testng.internal.invokers.ParameterHandler.handleParameters(ParameterHandler.java:72)
	at org.testng.internal.invokers.ParameterHandler.createParameters(ParameterHandler.java:51)
	at org.testng.internal.invokers.TestInvoker$MethodInvocationAgent.invoke(TestInvoker.java:946)
	at org.testng.internal.invokers.TestInvoker.invokeTestMethods(TestInvoker.java:203)
	at org.testng.internal.invokers.TestMethodWorker.invokeTestMethods(TestMethodWorker.java:154)
	at org.testng.internal.invokers.TestMethodWorker.run(TestMethodWorker.java:134)
	at java.base/java.util.ArrayList.forEach(ArrayList.java:1596)
	at org.testng.TestRunner.privateRun(TestRunner.java:739)
	at org.testng.TestRunner.run(TestRunner.java:614)
	at org.testng.SuiteRunner.runTest(SuiteRunner.java:421)
	at org.testng.SuiteRunner.runSequentially(SuiteRunner.java:413)
	at org.testng.SuiteRunner.privateRun(SuiteRunner.java:373)
	at org.testng.SuiteRunner.run(SuiteRunner.java:312)
	at org.testng.SuiteRunnerWorker.runSuite(SuiteRunnerWorker.java:52)
	at org.testng.SuiteRunnerWorker.run(SuiteRunnerWorker.java:95)
	at org.testng.TestNG.runSuitesSequentially(TestNG.java:1274)
	at org.testng.TestNG.runSuitesLocally(TestNG.java:1208)
	at org.testng.TestNG.runSuites(TestNG.java:1112)
	at org.testng.TestNG.run(TestNG.java:1079)
	at org.apache.maven.surefire.testng.TestNGExecutor.run(TestNGExecutor.java:155)
	at org.apache.maven.surefire.testng.TestNGDirectoryTestSuite.executeMulti(TestNGDirectoryTestSuite.java:169)
	at org.apache.maven.surefire.testng.TestNGDirectoryTestSuite.execute(TestNGDirectoryTestSuite.java:88)
	at org.apache.maven.surefire.testng.TestNGProvider.invoke(TestNGProvider.java:137)
	at org.apache.maven.surefire.booter.ForkedBooter.runSuitesInProcess(ForkedBooter.java:385)
	at org.apache.maven.surefire.booter.ForkedBooter.execute(ForkedBooter.java:162)
	at org.apache.maven.surefire.booter.ForkedBooter.run(ForkedBooter.java:507)
	at org.apache.maven.surefire.booter.ForkedBooter.main(ForkedBooter.java:495)
</pre></div></td>
<td>0</td>
<td>tests.ErrorValidationTest@31368b99</td></tr>
</table><p>
<table width='100%' border='1' class='invocation-passed'>
<tr><td colspan='4' align='center'><b>PASSED TESTS</b></td></tr>
<tr><td><b>Test method</b></td>
<td><b>Attribute(s)</b></td>
<td width="30%"><b>Exception</b></td>
<td width="10%"><b>Time (seconds)</b></td>
<td><b>Instance</b></td>
</tr>
<tr>
<td title='tests.ErrorValidationTest.fillWrongCheckoutPageInfo()'><b>fillWrongCheckoutPageInfo</b><br>Test class: tests.ErrorValidationTest<br>Parameters: {lName=lastName, fName=firstName, pass=secret_sauce, email=standard_user, postalCode=}</td>
<td></td>
<td>0</td>
<td>tests.ErrorValidationTest@31368b99</td></tr>
<tr>
<td title='tests.SubmitOrderTest.submitMultipleOrders()'><b>submitMultipleOrders</b><br>Test class: tests.SubmitOrderTest<br>Parameters: {lName=lastName, product=Sauce Labs Bike Light, fName=firstName, pass=secret_sauce, email=standard_user, postalCode=192837465}</td>
<td></td>
<td>1</td>
<td>tests.SubmitOrderTest@3911c2a7</td></tr>
<tr>
<td title='tests.SubmitOrderTest.submitOrder()'><b>submitOrder</b><br>Test class: tests.SubmitOrderTest<br>Parameters: {lName=lastName, product=Sauce Labs Fleece Jacket, fName=firstName, pass=secret_sauce, email=standard_user, postalCode=192837465}</td>
<td></td>
<td>0</td>
<td>tests.SubmitOrderTest@3911c2a7</td></tr>
<tr>
<td title='tests.InitialTest.testBeforeRefactor()'><b>testBeforeRefactor</b><br>Test class: tests.InitialTest</td>
<td></td>
<td>1</td>
<td>tests.InitialTest@1725dc0f</td></tr>
<tr>
<td title='tests.SubmitOrderTest.submitMultipleOrders()'><b>submitMultipleOrders</b><br>Test class: tests.SubmitOrderTest<br>Parameters: {lName=lastName, product=Sauce Labs Fleece Jacket, fName=firstName, pass=secret_sauce, email=standard_user, postalCode=192837465}</td>
<td></td>
<td>1</td>
<td>tests.SubmitOrderTest@3911c2a7</td></tr>
<tr>
<td title='tests.SubmitOrderTest.submitOrder()'><b>submitOrder</b><br>Test class: tests.SubmitOrderTest<br>Parameters: {lName=lastName, product=Sauce Labs Bike Light, fName=firstName, pass=secret_sauce, email=standard_user, postalCode=192837465}</td>
<td></td>
<td>0</td>
<td>tests.SubmitOrderTest@3911c2a7</td></tr>
<tr>
<td title='tests.ErrorValidationTest.fillWrongCheckoutPageInfo()'><b>fillWrongCheckoutPageInfo</b><br>Test class: tests.ErrorValidationTest<br>Parameters: {lName=, fName=firstName, pass=secret_sauce, email=standard_user, postalCode=}</td>
<td></td>
<td>0</td>
<td>tests.ErrorValidationTest@31368b99</td></tr>
<tr>
<td title='tests.SubmitOrderTest.submitOrder()'><b>submitOrder</b><br>Test class: tests.SubmitOrderTest<br>Parameters: {lName=lastName, product=Sauce Labs Bolt T-Shirt, fName=firstName, pass=secret_sauce, email=standard_user, postalCode=192837465}</td>
<td></td>
<td>0</td>
<td>tests.SubmitOrderTest@3911c2a7</td></tr>
<tr>
<td title='tests.SubmitOrderTest.submitMultipleOrders()'><b>submitMultipleOrders</b><br>Test class: tests.SubmitOrderTest<br>Parameters: {lName=lastName, product=Sauce Labs Bolt T-Shirt, fName=firstName, pass=secret_sauce, email=standard_user, postalCode=192837465}</td>
<td></td>
<td>1</td>
<td>tests.SubmitOrderTest@3911c2a7</td></tr>
<tr>
<td title='tests.ErrorValidationTest.fillWrongCheckoutPageInfo()'><b>fillWrongCheckoutPageInfo</b><br>Test class: tests.ErrorValidationTest<br>Parameters: {lName=, fName=, pass=secret_sauce, email=standard_user, postalCode=}</td>
<td></td>
<td>0</td>
<td>tests.ErrorValidationTest@31368b99</td></tr>
</table><p>
</body>
</html>