<?xml version="1.0" encoding="UTF-8"?>
<!-- Generated by org.testng.reporters.JUnitXMLReporter -->
<testsuite ignored="0" hostname="DESKTOP-VA3AMHQ" failures="3" tests="13" name="Surefire test" time="28.132" errors="0" timestamp="2025-02-19T15:32:48 EET">
  <testcase classname="tests.ErrorValidationTest" name="fillWrongCheckoutPageInfo" time="0.544"/>
  <testcase classname="tests.ErrorValidationTest" name="fillWrongCheckoutPageInfo" time="0.616"/>
  <testcase classname="tests.ErrorValidationTest" name="fillWrongCheckoutPageInfo" time="0.668"/>
  <testcase classname="tests.ErrorValidationTest" name="loginLockedUser" time="0.0">
    <failure type="org.testng.TestNGException" message="
Parameter &amp;apos;lockedEmail&amp;apos; is required by @Test on method loginLockedUser but has not been marked @Optional or defined
">
      <![CDATA[org.testng.TestNGException: 
Parameter 'lockedEmail' is required by @Test on method loginLockedUser but has not been marked @Optional or defined

at java.base/java.util.ArrayList.forEach(ArrayList.java:1596)
... Removed 31 stack frames]]>
    </failure>
  </testcase> <!-- loginLockedUser -->
  <testcase classname="tests.ErrorValidationTest" name="loginWrongCredentials" time="0.0">
    <failure type="org.testng.TestNGException" message="
Parameter &amp;apos;fooEmail&amp;apos; is required by @Test on method loginWrongCredentials but has not been marked @Optional or defined
">
      <![CDATA[org.testng.TestNGException: 
Parameter 'fooEmail' is required by @Test on method loginWrongCredentials but has not been marked @Optional or defined

at java.base/java.util.ArrayList.forEach(ArrayList.java:1596)
... Removed 31 stack frames]]>
    </failure>
  </testcase> <!-- loginWrongCredentials -->
  <testcase classname="tests.ErrorValidationTest" name="takeScreenShotOfFailedTest" time="0.001">
    <failure type="java.lang.AssertionError" message="Intentionally failing this test to showcase screenshot feature.">
      <![CDATA[java.lang.AssertionError: Intentionally failing this test to showcase screenshot feature.
at tests.ErrorValidationTest.takeScreenShotOfFailedTest(ErrorValidationTest.java:64)
at java.base/java.util.ArrayList.forEach(ArrayList.java:1596)
... Removed 31 stack frames]]>
    </failure>
  </testcase> <!-- takeScreenShotOfFailedTest -->
  <testcase classname="tests.InitialTest" name="testBeforeRefactor" time="1.793"/>
  <testcase classname="tests.SubmitOrderTest" name="submitMultipleOrders" time="1.581"/>
  <testcase classname="tests.SubmitOrderTest" name="submitMultipleOrders" time="1.343"/>
  <testcase classname="tests.SubmitOrderTest" name="submitMultipleOrders" time="1.427"/>
  <testcase classname="tests.SubmitOrderTest" name="submitOrder" time="0.853"/>
  <testcase classname="tests.SubmitOrderTest" name="submitOrder" time="0.805"/>
  <testcase classname="tests.SubmitOrderTest" name="submitOrder" time="0.753"/>
</testsuite> <!-- Surefire test -->
