<?xml version="1.0" encoding="UTF-8"?>
<!-- Generated by org.testng.reporters.JUnitXMLReporter -->
<testsuite ignored="0" hostname="DESKTOP-VA3AMHQ" failures="1" tests="6" name="WrongCredentialsErrorValidation" time="13.033" errors="0" timestamp="2025-02-19T15:43:42 EET">
  <testcase classname="tests.ErrorValidationTest" name="fillWrongCheckoutPageInfo" time="0.548"/>
  <testcase classname="tests.ErrorValidationTest" name="fillWrongCheckoutPageInfo" time="0.533"/>
  <testcase classname="tests.ErrorValidationTest" name="fillWrongCheckoutPageInfo" time="0.546"/>
  <testcase classname="tests.ErrorValidationTest" name="loginLockedUser" time="0.214"/>
  <testcase classname="tests.ErrorValidationTest" name="loginWrongCredentials" time="0.201"/>
  <testcase classname="tests.ErrorValidationTest" name="takeScreenShotOfFailedTest" time="0.0">
    <failure type="java.lang.AssertionError" message="Intentionally failing this test to showcase screenshot feature.">
      <![CDATA[java.lang.AssertionError: Intentionally failing this test to showcase screenshot feature.
at tests.ErrorValidationTest.takeScreenShotOfFailedTest(ErrorValidationTest.java:64)
at java.base/java.util.ArrayList.forEach(ArrayList.java:1596)
at java.base/java.util.concurrent.FutureTask.run(FutureTask.java:317)
at java.base/java.util.concurrent.ThreadPoolExecutor.runWorker(ThreadPoolExecutor.java:1144)
at java.base/java.util.concurrent.ThreadPoolExecutor$Worker.run(ThreadPoolExecutor.java:642)
at java.base/java.lang.Thread.run(Thread.java:1583)
... Removed 16 stack frames]]>
    </failure>
  </testcase> <!-- takeScreenShotOfFailedTest -->
</testsuite> <!-- WrongCredentialsErrorValidation -->
