<?xml version="1.0" encoding="UTF-8"?>
<testng-results ignored="0" total="12" passed="11" failed="1" skipped="0">
  <reporter-output>
  </reporter-output>
  <suite started-at="2025-02-24T16:49:37 EET" name="Suite" finished-at="2025-02-24T16:49:53 EET" duration-ms="15974">
    <groups>
      <group name="Purchase">
        <method signature="SubmitOrderTest.submitMultipleOrders(java.util.HashMap)[pri:0, instance:tests.SubmitOrderTest@6ea2bc93]" name="submitMultipleOrders" class="tests.SubmitOrderTest"/>
        <method signature="SubmitOrderTest.submitOrder(java.util.HashMap)[pri:0, instance:tests.SubmitOrderTest@6ea2bc93]" name="submitOrder" class="tests.SubmitOrderTest"/>
      </group> <!-- Purchase -->
    </groups>
    <test started-at="2025-02-24T16:49:37 EET" name="Test" finished-at="2025-02-24T16:49:53 EET" duration-ms="15974">
      <class name="tests.SubmitOrderTest">
        <test-method is-config="true" signature="launchApplication()[pri:0, instance:tests.SubmitOrderTest@6ea2bc93]" started-at="2025-02-24T16:49:37 EET" name="launchApplication" finished-at="2025-02-24T16:49:38 EET" duration-ms="1263" status="PASS">
          <reporter-output>
          </reporter-output>
        </test-method> <!-- launchApplication -->
        <test-method signature="submitMultipleOrders(java.util.HashMap)[pri:0, instance:tests.SubmitOrderTest@6ea2bc93]" started-at="2025-02-24T16:49:38 EET" name="submitMultipleOrders" data-provider="getData" finished-at="2025-02-24T16:49:39 EET" duration-ms="1228" status="PASS">
          <params>
            <param index="0">
              <value>
                <![CDATA[{lName=lastName, product=Sauce Labs Bolt T-Shirt, fName=firstName, pass=secret_sauce, email=standard_user, postalCode=192837465}]]>
              </value>
            </param>
          </params>
          <reporter-output>
          </reporter-output>
        </test-method> <!-- submitMultipleOrders -->
        <test-method is-config="true" signature="tearDown()[pri:0, instance:tests.SubmitOrderTest@6ea2bc93]" started-at="2025-02-24T16:49:39 EET" name="tearDown" finished-at="2025-02-24T16:49:40 EET" duration-ms="609" status="PASS">
          <reporter-output>
          </reporter-output>
        </test-method> <!-- tearDown -->
        <test-method is-config="true" signature="launchApplication()[pri:0, instance:tests.SubmitOrderTest@6ea2bc93]" started-at="2025-02-24T16:49:40 EET" name="launchApplication" finished-at="2025-02-24T16:49:41 EET" duration-ms="1010" status="PASS">
          <reporter-output>
          </reporter-output>
        </test-method> <!-- launchApplication -->
        <test-method signature="submitMultipleOrders(java.util.HashMap)[pri:0, instance:tests.SubmitOrderTest@6ea2bc93]" started-at="2025-02-24T16:49:41 EET" name="submitMultipleOrders" data-provider="getData" finished-at="2025-02-24T16:49:42 EET" duration-ms="1211" status="PASS">
          <params>
            <param index="0">
              <value>
                <![CDATA[{lName=lastName, product=Sauce Labs Fleece Jacket, fName=firstName, pass=secret_sauce, email=standard_user, postalCode=192837465}]]>
              </value>
            </param>
          </params>
          <reporter-output>
          </reporter-output>
        </test-method> <!-- submitMultipleOrders -->
        <test-method is-config="true" signature="tearDown()[pri:0, instance:tests.SubmitOrderTest@6ea2bc93]" started-at="2025-02-24T16:49:42 EET" name="tearDown" finished-at="2025-02-24T16:49:43 EET" duration-ms="589" status="PASS">
          <reporter-output>
          </reporter-output>
        </test-method> <!-- tearDown -->
        <test-method is-config="true" signature="launchApplication()[pri:0, instance:tests.SubmitOrderTest@6ea2bc93]" started-at="2025-02-24T16:49:43 EET" name="launchApplication" finished-at="2025-02-24T16:49:44 EET" duration-ms="1127" status="PASS">
          <reporter-output>
          </reporter-output>
        </test-method> <!-- launchApplication -->
        <test-method signature="submitMultipleOrders(java.util.HashMap)[pri:0, instance:tests.SubmitOrderTest@6ea2bc93]" started-at="2025-02-24T16:49:44 EET" name="submitMultipleOrders" data-provider="getData" finished-at="2025-02-24T16:49:45 EET" duration-ms="1188" status="PASS">
          <params>
            <param index="0">
              <value>
                <![CDATA[{lName=lastName, product=Sauce Labs Bike Light, fName=firstName, pass=secret_sauce, email=standard_user, postalCode=192837465}]]>
              </value>
            </param>
          </params>
          <reporter-output>
          </reporter-output>
        </test-method> <!-- submitMultipleOrders -->
        <test-method is-config="true" signature="tearDown()[pri:0, instance:tests.SubmitOrderTest@6ea2bc93]" started-at="2025-02-24T16:49:45 EET" name="tearDown" finished-at="2025-02-24T16:49:45 EET" duration-ms="600" status="PASS">
          <reporter-output>
          </reporter-output>
        </test-method> <!-- tearDown -->
        <test-method is-config="true" signature="launchApplication()[pri:0, instance:tests.SubmitOrderTest@6ea2bc93]" started-at="2025-02-24T16:49:45 EET" name="launchApplication" finished-at="2025-02-24T16:49:47 EET" duration-ms="1101" status="PASS">
          <reporter-output>
          </reporter-output>
        </test-method> <!-- launchApplication -->
        <test-method signature="submitOrder(java.util.HashMap)[pri:0, instance:tests.SubmitOrderTest@6ea2bc93]" started-at="2025-02-24T16:49:47 EET" name="submitOrder" data-provider="getData" finished-at="2025-02-24T16:49:47 EET" duration-ms="730" status="PASS">
          <params>
            <param index="0">
              <value>
                <![CDATA[{lName=lastName, product=Sauce Labs Bolt T-Shirt, fName=firstName, pass=secret_sauce, email=standard_user, postalCode=192837465}]]>
              </value>
            </param>
          </params>
          <reporter-output>
          </reporter-output>
        </test-method> <!-- submitOrder -->
        <test-method is-config="true" signature="tearDown()[pri:0, instance:tests.SubmitOrderTest@6ea2bc93]" started-at="2025-02-24T16:49:47 EET" name="tearDown" finished-at="2025-02-24T16:49:48 EET" duration-ms="600" status="PASS">
          <reporter-output>
          </reporter-output>
        </test-method> <!-- tearDown -->
        <test-method is-config="true" signature="launchApplication()[pri:0, instance:tests.SubmitOrderTest@6ea2bc93]" started-at="2025-02-24T16:49:48 EET" name="launchApplication" finished-at="2025-02-24T16:49:49 EET" duration-ms="1037" status="PASS">
          <reporter-output>
          </reporter-output>
        </test-method> <!-- launchApplication -->
        <test-method signature="submitOrder(java.util.HashMap)[pri:0, instance:tests.SubmitOrderTest@6ea2bc93]" started-at="2025-02-24T16:49:49 EET" name="submitOrder" data-provider="getData" finished-at="2025-02-24T16:49:50 EET" duration-ms="748" status="PASS">
          <params>
            <param index="0">
              <value>
                <![CDATA[{lName=lastName, product=Sauce Labs Fleece Jacket, fName=firstName, pass=secret_sauce, email=standard_user, postalCode=192837465}]]>
              </value>
            </param>
          </params>
          <reporter-output>
          </reporter-output>
        </test-method> <!-- submitOrder -->
        <test-method is-config="true" signature="tearDown()[pri:0, instance:tests.SubmitOrderTest@6ea2bc93]" started-at="2025-02-24T16:49:50 EET" name="tearDown" finished-at="2025-02-24T16:49:50 EET" duration-ms="603" status="PASS">
          <reporter-output>
          </reporter-output>
        </test-method> <!-- tearDown -->
        <test-method is-config="true" signature="launchApplication()[pri:0, instance:tests.SubmitOrderTest@6ea2bc93]" started-at="2025-02-24T16:49:50 EET" name="launchApplication" finished-at="2025-02-24T16:49:51 EET" duration-ms="999" status="PASS">
          <reporter-output>
          </reporter-output>
        </test-method> <!-- launchApplication -->
        <test-method signature="submitOrder(java.util.HashMap)[pri:0, instance:tests.SubmitOrderTest@6ea2bc93]" started-at="2025-02-24T16:49:51 EET" name="submitOrder" data-provider="getData" finished-at="2025-02-24T16:49:52 EET" duration-ms="730" status="PASS">
          <params>
            <param index="0">
              <value>
                <![CDATA[{lName=lastName, product=Sauce Labs Bike Light, fName=firstName, pass=secret_sauce, email=standard_user, postalCode=192837465}]]>
              </value>
            </param>
          </params>
          <reporter-output>
          </reporter-output>
        </test-method> <!-- submitOrder -->
        <test-method is-config="true" signature="tearDown()[pri:0, instance:tests.SubmitOrderTest@6ea2bc93]" started-at="2025-02-24T16:49:52 EET" name="tearDown" finished-at="2025-02-24T16:49:53 EET" duration-ms="587" status="PASS">
          <reporter-output>
          </reporter-output>
        </test-method> <!-- tearDown -->
      </class> <!-- tests.SubmitOrderTest -->
    </test> <!-- Test -->
  </suite> <!-- Suite -->
  <suite started-at="2025-02-24T16:49:23 EET" name="ErrorValidationSuite" finished-at="2025-02-24T16:49:36 EET" duration-ms="13426">
    <groups>
      <group name="ErrorHandling">
        <method signature="ErrorValidationTest.fillWrongCheckoutPageInfo(java.util.HashMap)[pri:0, instance:tests.ErrorValidationTest@54e041a4]" name="fillWrongCheckoutPageInfo" class="tests.ErrorValidationTest"/>
        <method signature="ErrorValidationTest.loginLockedUser(java.lang.String,java.lang.String)[pri:0, instance:tests.ErrorValidationTest@54e041a4]" name="loginLockedUser" class="tests.ErrorValidationTest"/>
        <method signature="ErrorValidationTest.loginWrongCredentials(java.lang.String,java.lang.String)[pri:0, instance:tests.ErrorValidationTest@54e041a4]" name="loginWrongCredentials" class="tests.ErrorValidationTest"/>
        <method signature="ErrorValidationTest.takeScreenShotOfFailedTest()[pri:0, instance:tests.ErrorValidationTest@54e041a4]" name="takeScreenShotOfFailedTest" class="tests.ErrorValidationTest"/>
      </group> <!-- ErrorHandling -->
    </groups>
    <test started-at="2025-02-24T16:49:23 EET" name="WrongCredentialsErrorValidation" finished-at="2025-02-24T16:49:36 EET" duration-ms="13426">
      <class name="tests.ErrorValidationTest">
        <test-method is-config="true" signature="launchApplication()[pri:0, instance:tests.ErrorValidationTest@54e041a4]" started-at="2025-02-24T16:49:23 EET" name="launchApplication" finished-at="2025-02-24T16:49:26 EET" duration-ms="2359" status="PASS">
          <reporter-output>
          </reporter-output>
        </test-method> <!-- launchApplication -->
        <test-method signature="fillWrongCheckoutPageInfo(java.util.HashMap)[pri:0, instance:tests.ErrorValidationTest@54e041a4]" started-at="2025-02-24T16:49:26 EET" name="fillWrongCheckoutPageInfo" data-provider="getData" finished-at="2025-02-24T16:49:26 EET" duration-ms="559" status="PASS">
          <params>
            <param index="0">
              <value>
                <![CDATA[{lName=, fName=, pass=secret_sauce, email=standard_user, postalCode=}]]>
              </value>
            </param>
          </params>
          <reporter-output>
          </reporter-output>
        </test-method> <!-- fillWrongCheckoutPageInfo -->
        <test-method is-config="true" signature="tearDown()[pri:0, instance:tests.ErrorValidationTest@54e041a4]" started-at="2025-02-24T16:49:26 EET" name="tearDown" finished-at="2025-02-24T16:49:27 EET" duration-ms="597" status="PASS">
          <reporter-output>
          </reporter-output>
        </test-method> <!-- tearDown -->
        <test-method is-config="true" signature="launchApplication()[pri:0, instance:tests.ErrorValidationTest@54e041a4]" started-at="2025-02-24T16:49:27 EET" name="launchApplication" finished-at="2025-02-24T16:49:28 EET" duration-ms="1099" status="PASS">
          <reporter-output>
          </reporter-output>
        </test-method> <!-- launchApplication -->
        <test-method signature="fillWrongCheckoutPageInfo(java.util.HashMap)[pri:0, instance:tests.ErrorValidationTest@54e041a4]" started-at="2025-02-24T16:49:28 EET" name="fillWrongCheckoutPageInfo" data-provider="getData" finished-at="2025-02-24T16:49:28 EET" duration-ms="512" status="PASS">
          <params>
            <param index="0">
              <value>
                <![CDATA[{lName=, fName=firstName, pass=secret_sauce, email=standard_user, postalCode=}]]>
              </value>
            </param>
          </params>
          <reporter-output>
          </reporter-output>
        </test-method> <!-- fillWrongCheckoutPageInfo -->
        <test-method is-config="true" signature="tearDown()[pri:0, instance:tests.ErrorValidationTest@54e041a4]" started-at="2025-02-24T16:49:28 EET" name="tearDown" finished-at="2025-02-24T16:49:29 EET" duration-ms="594" status="PASS">
          <reporter-output>
          </reporter-output>
        </test-method> <!-- tearDown -->
        <test-method is-config="true" signature="launchApplication()[pri:0, instance:tests.ErrorValidationTest@54e041a4]" started-at="2025-02-24T16:49:29 EET" name="launchApplication" finished-at="2025-02-24T16:49:30 EET" duration-ms="1019" status="PASS">
          <reporter-output>
          </reporter-output>
        </test-method> <!-- launchApplication -->
        <test-method signature="fillWrongCheckoutPageInfo(java.util.HashMap)[pri:0, instance:tests.ErrorValidationTest@54e041a4]" started-at="2025-02-24T16:49:30 EET" name="fillWrongCheckoutPageInfo" data-provider="getData" finished-at="2025-02-24T16:49:30 EET" duration-ms="535" status="PASS">
          <params>
            <param index="0">
              <value>
                <![CDATA[{lName=lastName, fName=firstName, pass=secret_sauce, email=standard_user, postalCode=}]]>
              </value>
            </param>
          </params>
          <reporter-output>
          </reporter-output>
        </test-method> <!-- fillWrongCheckoutPageInfo -->
        <test-method is-config="true" signature="tearDown()[pri:0, instance:tests.ErrorValidationTest@54e041a4]" started-at="2025-02-24T16:49:30 EET" name="tearDown" finished-at="2025-02-24T16:49:31 EET" duration-ms="590" status="PASS">
          <reporter-output>
          </reporter-output>
        </test-method> <!-- tearDown -->
        <test-method is-config="true" signature="launchApplication()[pri:0, instance:tests.ErrorValidationTest@54e041a4]" started-at="2025-02-24T16:49:31 EET" name="launchApplication" finished-at="2025-02-24T16:49:32 EET" duration-ms="1005" status="PASS">
          <reporter-output>
          </reporter-output>
        </test-method> <!-- launchApplication -->
        <test-method signature="loginLockedUser(java.lang.String,java.lang.String)[pri:0, instance:tests.ErrorValidationTest@54e041a4]" started-at="2025-02-24T16:49:32 EET" name="loginLockedUser" finished-at="2025-02-24T16:49:32 EET" duration-ms="205" status="PASS">
          <params>
            <param index="0">
              <value>
                <![CDATA[locked_out_user]]>
              </value>
            </param>
            <param index="1">
              <value>
                <![CDATA[secret_sauce]]>
              </value>
            </param>
          </params>
          <reporter-output>
          </reporter-output>
        </test-method> <!-- loginLockedUser -->
        <test-method is-config="true" signature="tearDown()[pri:0, instance:tests.ErrorValidationTest@54e041a4]" started-at="2025-02-24T16:49:32 EET" name="tearDown" finished-at="2025-02-24T16:49:33 EET" duration-ms="601" status="PASS">
          <reporter-output>
          </reporter-output>
        </test-method> <!-- tearDown -->
        <test-method is-config="true" signature="launchApplication()[pri:0, instance:tests.ErrorValidationTest@54e041a4]" started-at="2025-02-24T16:49:33 EET" name="launchApplication" finished-at="2025-02-24T16:49:34 EET" duration-ms="1023" status="PASS">
          <reporter-output>
          </reporter-output>
        </test-method> <!-- launchApplication -->
        <test-method signature="loginWrongCredentials(java.lang.String,java.lang.String)[pri:0, instance:tests.ErrorValidationTest@54e041a4]" started-at="2025-02-24T16:49:34 EET" name="loginWrongCredentials" finished-at="2025-02-24T16:49:34 EET" duration-ms="189" status="PASS">
          <params>
            <param index="0">
              <value>
                <![CDATA[fooEmail]]>
              </value>
            </param>
            <param index="1">
              <value>
                <![CDATA[fooPass]]>
              </value>
            </param>
          </params>
          <reporter-output>
          </reporter-output>
        </test-method> <!-- loginWrongCredentials -->
        <test-method is-config="true" signature="tearDown()[pri:0, instance:tests.ErrorValidationTest@54e041a4]" started-at="2025-02-24T16:49:34 EET" name="tearDown" finished-at="2025-02-24T16:49:35 EET" duration-ms="589" status="PASS">
          <reporter-output>
          </reporter-output>
        </test-method> <!-- tearDown -->
        <test-method is-config="true" signature="launchApplication()[pri:0, instance:tests.ErrorValidationTest@54e041a4]" started-at="2025-02-24T16:49:35 EET" name="launchApplication" finished-at="2025-02-24T16:49:36 EET" duration-ms="1089" status="PASS">
          <reporter-output>
          </reporter-output>
        </test-method> <!-- launchApplication -->
        <test-method signature="takeScreenShotOfFailedTest()[pri:0, instance:tests.ErrorValidationTest@54e041a4]" started-at="2025-02-24T16:49:36 EET" name="takeScreenShotOfFailedTest" finished-at="2025-02-24T16:49:36 EET" duration-ms="1" status="FAIL">
          <exception class="java.lang.AssertionError">
            <message>
              <![CDATA[Intentionally failing this test to showcase screenshot feature.]]>
            </message>
            <full-stacktrace>
              <![CDATA[java.lang.AssertionError: Intentionally failing this test to showcase screenshot feature.
at org.testng.Assert.fail(Assert.java:111)
at tests.ErrorValidationTest.takeScreenShotOfFailedTest(ErrorValidationTest.java:64)
at java.base/jdk.internal.reflect.DirectMethodHandleAccessor.invoke(DirectMethodHandleAccessor.java:103)
at java.base/java.lang.reflect.Method.invoke(Method.java:580)
at org.testng.internal.invokers.MethodInvocationHelper.invokeMethod(MethodInvocationHelper.java:141)
at org.testng.internal.invokers.TestInvoker.invokeMethod(TestInvoker.java:686)
at org.testng.internal.invokers.TestInvoker.invokeTestMethod(TestInvoker.java:230)
at org.testng.internal.invokers.MethodRunner.runInSequence(MethodRunner.java:63)
at org.testng.internal.invokers.TestInvoker$MethodInvocationAgent.invoke(TestInvoker.java:992)
at org.testng.internal.invokers.TestInvoker.invokeTestMethods(TestInvoker.java:203)
at org.testng.internal.invokers.TestMethodWorker.invokeTestMethods(TestMethodWorker.java:154)
at org.testng.internal.invokers.TestMethodWorker.run(TestMethodWorker.java:134)
at java.base/java.util.ArrayList.forEach(ArrayList.java:1596)
at org.testng.TestRunner.privateRun(TestRunner.java:739)
at org.testng.TestRunner.run(TestRunner.java:614)
at org.testng.SuiteRunner.runTest(SuiteRunner.java:421)
at org.testng.SuiteRunner$SuiteWorker.run(SuiteRunner.java:463)
at org.testng.internal.thread.ThreadUtil.lambda$execute$0(ThreadUtil.java:64)
at java.base/java.util.concurrent.FutureTask.run(FutureTask.java:317)
at java.base/java.util.concurrent.ThreadPoolExecutor.runWorker(ThreadPoolExecutor.java:1144)
at java.base/java.util.concurrent.ThreadPoolExecutor$Worker.run(ThreadPoolExecutor.java:642)
at java.base/java.lang.Thread.run(Thread.java:1583)
]]>
            </full-stacktrace>
          </exception> <!-- java.lang.AssertionError -->
          <reporter-output>
          </reporter-output>
        </test-method> <!-- takeScreenShotOfFailedTest -->
        <test-method is-config="true" signature="tearDown()[pri:0, instance:tests.ErrorValidationTest@54e041a4]" started-at="2025-02-24T16:49:36 EET" name="tearDown" finished-at="2025-02-24T16:49:36 EET" duration-ms="591" status="PASS">
          <reporter-output>
          </reporter-output>
        </test-method> <!-- tearDown -->
      </class> <!-- tests.ErrorValidationTest -->
    </test> <!-- WrongCredentialsErrorValidation -->
  </suite> <!-- ErrorValidationSuite -->
  <suite started-at="2025-02-24T16:49:53 EET" name="MasterSuite" finished-at="2025-02-24T16:49:53 EET" duration-ms="0">
    <groups>
    </groups>
  </suite> <!-- MasterSuite -->
</testng-results>
